2020-01-21 00:40:41.177  INFO 19084 --- [restartedMain] c.s.k.KoncentratorPlacanjaApplication    : No active profile set, falling back to default profiles: default
2020-01-21 00:40:46.927  INFO 19084 --- [restartedMain] .s.d.r.c.RepositoryConfigurationDelegate : Bootstrapping Spring Data repositories in DEFAULT mode.
2020-01-21 00:40:48.044  INFO 19084 --- [restartedMain] .s.d.r.c.RepositoryConfigurationDelegate : Finished Spring Data repository scanning in 1053ms. Found 3 repository interfaces.
2020-01-21 00:40:50.215  INFO 19084 --- [restartedMain] o.s.cloud.context.scope.GenericScope     : BeanFactory id=9d4ff2a9-d64c-39c5-852f-d3919c7f24dc
2020-01-21 00:40:50.910  INFO 19084 --- [restartedMain] trationDelegate$BeanPostProcessorChecker : Bean 'org.springframework.ws.config.annotation.DelegatingWsConfiguration' of type [org.springframework.ws.config.annotation.DelegatingWsConfiguration$$EnhancerBySpringCGLIB$$2b14e502] is not eligible for getting processed by all BeanPostProcessors (for example: not eligible for auto-proxying)
2020-01-21 00:40:51.194  INFO 19084 --- [restartedMain] .w.s.a.s.AnnotationActionEndpointMapping : Supporting [WS-Addressing August 2004, WS-Addressing 1.0]
2020-01-21 00:40:51.308  INFO 19084 --- [restartedMain] trationDelegate$BeanPostProcessorChecker : Bean 'org.springframework.transaction.annotation.ProxyTransactionManagementConfiguration' of type [org.springframework.transaction.annotation.ProxyTransactionManagementConfiguration] is not eligible for getting processed by all BeanPostProcessors (for example: not eligible for auto-proxying)
2020-01-21 00:40:51.621  INFO 19084 --- [restartedMain] trationDelegate$BeanPostProcessorChecker : Bean 'org.springframework.security.config.annotation.configuration.ObjectPostProcessorConfiguration' of type [org.springframework.security.config.annotation.configuration.ObjectPostProcessorConfiguration] is not eligible for getting processed by all BeanPostProcessors (for example: not eligible for auto-proxying)
2020-01-21 00:40:51.653  INFO 19084 --- [restartedMain] trationDelegate$BeanPostProcessorChecker : Bean 'objectPostProcessor' of type [org.springframework.security.config.annotation.configuration.AutowireBeanFactoryObjectPostProcessor] is not eligible for getting processed by all BeanPostProcessors (for example: not eligible for auto-proxying)
2020-01-21 00:40:51.668  INFO 19084 --- [restartedMain] trationDelegate$BeanPostProcessorChecker : Bean 'org.springframework.security.access.expression.method.DefaultMethodSecurityExpressionHandler@7a0a38c3' of type [org.springframework.security.access.expression.method.DefaultMethodSecurityExpressionHandler] is not eligible for getting processed by all BeanPostProcessors (for example: not eligible for auto-proxying)
2020-01-21 00:40:51.676  INFO 19084 --- [restartedMain] trationDelegate$BeanPostProcessorChecker : Bean 'org.springframework.security.config.annotation.method.configuration.GlobalMethodSecurityConfiguration' of type [org.springframework.security.config.annotation.method.configuration.GlobalMethodSecurityConfiguration] is not eligible for getting processed by all BeanPostProcessors (for example: not eligible for auto-proxying)
2020-01-21 00:40:51.699  INFO 19084 --- [restartedMain] trationDelegate$BeanPostProcessorChecker : Bean 'org.springframework.security.config.annotation.method.configuration.Jsr250MetadataSourceConfiguration' of type [org.springframework.security.config.annotation.method.configuration.Jsr250MetadataSourceConfiguration] is not eligible for getting processed by all BeanPostProcessors (for example: not eligible for auto-proxying)
2020-01-21 00:40:51.703  INFO 19084 --- [restartedMain] trationDelegate$BeanPostProcessorChecker : Bean 'jsr250MethodSecurityMetadataSource' of type [org.springframework.security.access.annotation.Jsr250MethodSecurityMetadataSource] is not eligible for getting processed by all BeanPostProcessors (for example: not eligible for auto-proxying)
2020-01-21 00:40:51.710  INFO 19084 --- [restartedMain] trationDelegate$BeanPostProcessorChecker : Bean 'methodSecurityMetadataSource' of type [org.springframework.security.access.method.DelegatingMethodSecurityMetadataSource] is not eligible for getting processed by all BeanPostProcessors (for example: not eligible for auto-proxying)
2020-01-21 00:40:51.787  INFO 19084 --- [restartedMain] trationDelegate$BeanPostProcessorChecker : Bean 'org.springframework.cloud.autoconfigure.ConfigurationPropertiesRebinderAutoConfiguration' of type [org.springframework.cloud.autoconfigure.ConfigurationPropertiesRebinderAutoConfiguration$$EnhancerBySpringCGLIB$$a2972300] is not eligible for getting processed by all BeanPostProcessors (for example: not eligible for auto-proxying)
2020-01-21 00:40:54.929  INFO 19084 --- [restartedMain] o.s.b.w.embedded.tomcat.TomcatWebServer  : Tomcat initialized with port(s): 8081 (https)
2020-01-21 00:40:54.958  INFO 19084 --- [restartedMain] o.apache.catalina.core.StandardService   : Starting service [Tomcat]
2020-01-21 00:40:54.959  INFO 19084 --- [restartedMain] org.apache.catalina.core.StandardEngine  : Starting Servlet engine: [Apache Tomcat/9.0.27]
2020-01-21 00:40:55.446  INFO 19084 --- [restartedMain] o.a.c.c.C.[Tomcat].[localhost].[/]       : Initializing Spring embedded WebApplicationContext
2020-01-21 00:40:55.448  INFO 19084 --- [restartedMain] o.s.web.context.ContextLoader            : Root WebApplicationContext: initialization completed in 14062 ms
2020-01-21 00:40:57.027  INFO 19084 --- [restartedMain] o.hibernate.jpa.internal.util.LogHelper  : HHH000204: Processing PersistenceUnitInfo [name: default]
2020-01-21 00:40:57.332  INFO 19084 --- [restartedMain] org.hibernate.Version                    : HHH000412: Hibernate Core {5.4.8.Final}
2020-01-21 00:40:57.829  INFO 19084 --- [restartedMain] o.hibernate.annotations.common.Version   : HCANN000001: Hibernate Commons Annotations {5.1.0.Final}
2020-01-21 00:40:58.168  INFO 19084 --- [restartedMain] com.zaxxer.hikari.HikariDataSource       : HikariPool-1 - Starting...
2020-01-21 00:40:58.661  INFO 19084 --- [restartedMain] com.zaxxer.hikari.HikariDataSource       : HikariPool-1 - Start completed.
2020-01-21 00:40:58.744  INFO 19084 --- [restartedMain] org.hibernate.dialect.Dialect            : HHH000400: Using dialect: org.hibernate.dialect.MySQL5Dialect
2020-01-21 00:41:03.448  INFO 19084 --- [restartedMain] o.h.e.t.j.p.i.JtaPlatformInitiator       : HHH000490: Using JtaPlatform implementation: [org.hibernate.engine.transaction.jta.platform.internal.NoJtaPlatform]
2020-01-21 00:41:03.468  INFO 19084 --- [restartedMain] j.LocalContainerEntityManagerFactoryBean : Initialized JPA EntityManagerFactory for persistence unit 'default'
2020-01-21 00:41:03.922  INFO 19084 --- [restartedMain] o.s.b.d.a.OptionalLiveReloadServer       : LiveReload server is running on port 35729
2020-01-21 00:41:04.563  WARN 19084 --- [restartedMain] JpaBaseConfiguration$JpaWebConfiguration : spring.jpa.open-in-view is enabled by default. Therefore, database queries may be performed during view rendering. Explicitly configure spring.jpa.open-in-view to disable this warning
2020-01-21 00:41:09.808  INFO 19084 --- [restartedMain] .s.s.UserDetailsServiceAutoConfiguration : 

Using generated security password: e801052b-001c-4543-adb6-8322e77ed193

2020-01-21 00:41:11.001  INFO 19084 --- [restartedMain] o.s.s.web.DefaultSecurityFilterChain     : Creating filter chain: any request, [org.springframework.security.web.context.request.async.WebAsyncManagerIntegrationFilter@49a433ec, org.springframework.security.web.context.SecurityContextPersistenceFilter@1b87e37e, org.springframework.security.web.header.HeaderWriterFilter@378bd738, org.springframework.security.web.authentication.logout.LogoutFilter@4ad1754b, org.springframework.security.web.savedrequest.RequestCacheAwareFilter@5123160f, org.springframework.security.web.servletapi.SecurityContextHolderAwareRequestFilter@1592629e, org.springframework.security.web.authentication.AnonymousAuthenticationFilter@6ab6fc44, org.springframework.security.web.session.SessionManagementFilter@2e116cf9, org.springframework.security.web.access.ExceptionTranslationFilter@6a3c95ad]
2020-01-21 00:41:11.586  WARN 19084 --- [restartedMain] c.n.c.sources.URLConfigurationSource     : No URLs will be polled as dynamic configuration sources.
2020-01-21 00:41:11.587  INFO 19084 --- [restartedMain] c.n.c.sources.URLConfigurationSource     : To enable URLs as dynamic configuration sources, define System property archaius.configurationSource.additionalUrls or make config.properties available on classpath.
2020-01-21 00:41:11.613  WARN 19084 --- [restartedMain] c.n.c.sources.URLConfigurationSource     : No URLs will be polled as dynamic configuration sources.
2020-01-21 00:41:11.614  INFO 19084 --- [restartedMain] c.n.c.sources.URLConfigurationSource     : To enable URLs as dynamic configuration sources, define System property archaius.configurationSource.additionalUrls or make config.properties available on classpath.
2020-01-21 00:41:13.506  INFO 19084 --- [restartedMain] o.s.s.concurrent.ThreadPoolTaskExecutor  : Initializing ExecutorService 'applicationTaskExecutor'
2020-01-21 00:41:17.383  INFO 19084 --- [restartedMain] o.s.s.c.ThreadPoolTaskScheduler          : Initializing ExecutorService 'taskScheduler'
2020-01-21 00:41:23.979  WARN 19084 --- [restartedMain] ockingLoadBalancerClientRibbonWarnLogger : You already have RibbonLoadBalancerClient on your classpath. It will be used by default. As Spring Cloud Ribbon is in maintenance mode. We recommend switching to BlockingLoadBalancerClient instead. In order to use it, set the value of `spring.cloud.loadbalancer.ribbon.enabled` to `false` or remove spring-cloud-starter-netflix-ribbon from your project.
2020-01-21 00:41:24.980  INFO 19084 --- [restartedMain] o.s.c.n.eureka.InstanceInfoFactory       : Setting initial instance status as: STARTING
2020-01-21 00:41:25.245  INFO 19084 --- [restartedMain] com.netflix.discovery.DiscoveryClient    : Initializing Eureka in region us-east-1
2020-01-21 00:41:30.606  INFO 19084 --- [restartedMain] c.n.d.provider.DiscoveryJerseyProvider   : Using JSON encoding codec LegacyJacksonJson
2020-01-21 00:41:30.606  INFO 19084 --- [restartedMain] c.n.d.provider.DiscoveryJerseyProvider   : Using JSON decoding codec LegacyJacksonJson
2020-01-21 00:41:31.251  INFO 19084 --- [restartedMain] c.n.d.provider.DiscoveryJerseyProvider   : Using XML encoding codec XStreamXml
2020-01-21 00:41:31.252  INFO 19084 --- [restartedMain] c.n.d.provider.DiscoveryJerseyProvider   : Using XML decoding codec XStreamXml
2020-01-21 00:41:32.846  INFO 19084 --- [restartedMain] c.n.d.s.r.aws.ConfigClusterResolver      : Resolving eureka endpoints via configuration
2020-01-21 00:41:35.075  INFO 19084 --- [restartedMain] com.netflix.discovery.DiscoveryClient    : Disable delta property : false
2020-01-21 00:41:35.076  INFO 19084 --- [restartedMain] com.netflix.discovery.DiscoveryClient    : Single vip registry refresh property : null
2020-01-21 00:41:35.078  INFO 19084 --- [restartedMain] com.netflix.discovery.DiscoveryClient    : Force full registry fetch : false
2020-01-21 00:41:35.078  INFO 19084 --- [restartedMain] com.netflix.discovery.DiscoveryClient    : Application is null : false
2020-01-21 00:41:35.081  INFO 19084 --- [restartedMain] com.netflix.discovery.DiscoveryClient    : Registered Applications size is zero : true
2020-01-21 00:41:35.082  INFO 19084 --- [restartedMain] com.netflix.discovery.DiscoveryClient    : Application version is -1: true
2020-01-21 00:41:35.083  INFO 19084 --- [restartedMain] com.netflix.discovery.DiscoveryClient    : Getting all instance registry info from the eureka server
2020-01-21 00:41:36.489  INFO 19084 --- [restartedMain] com.netflix.discovery.DiscoveryClient    : The response status is 200
2020-01-21 00:41:36.499  INFO 19084 --- [restartedMain] com.netflix.discovery.DiscoveryClient    : Starting heartbeat executor: renew interval is: 30
2020-01-21 00:41:36.508  INFO 19084 --- [restartedMain] c.n.discovery.InstanceInfoReplicator     : InstanceInfoReplicator onDemand update allowed rate per min is 4
2020-01-21 00:41:36.552  INFO 19084 --- [restartedMain] com.netflix.discovery.DiscoveryClient    : Discovery Client initialized at timestamp 1579563696533 with initial instances count: 0
2020-01-21 00:41:36.929  INFO 19084 --- [restartedMain] o.s.c.n.e.s.EurekaServiceRegistry        : Registering application KONCENTRATOR-PLACANJA with eureka with status UP
2020-01-21 00:41:36.932  INFO 19084 --- [restartedMain] com.netflix.discovery.DiscoveryClient    : Saw local status change event StatusChangeEvent [timestamp=1579563696932, current=UP, previous=STARTING]
2020-01-21 00:41:36.946  INFO 19084 --- [DiscoveryClient-InstanceInfoReplicator-0] com.netflix.discovery.DiscoveryClient    : DiscoveryClient_KONCENTRATOR-PLACANJA/192.168.56.1:koncentrator-placanja:8081: registering service...
2020-01-21 00:41:37.474  INFO 19084 --- [DiscoveryClient-InstanceInfoReplicator-0] com.netflix.discovery.DiscoveryClient    : DiscoveryClient_KONCENTRATOR-PLACANJA/192.168.56.1:koncentrator-placanja:8081 - registration status: 204
2020-01-21 00:41:37.850  INFO 19084 --- [scheduling-1] c.s.k.c.KoncentratorPlacanjaController   : 
		Provera statusa transakcije.

2020-01-21 00:41:42.121  INFO 19084 --- [restartedMain] o.s.b.w.embedded.tomcat.TomcatWebServer  : Tomcat started on port(s): 8081 (https) with context path ''
2020-01-21 00:41:42.128  INFO 19084 --- [restartedMain] .s.c.n.e.s.EurekaAutoServiceRegistration : Updating port to 8081
2020-01-21 00:41:46.976  INFO 19084 --- [restartedMain] c.s.k.KoncentratorPlacanjaApplication    : Started KoncentratorPlacanjaApplication in 80.513 seconds (JVM running for 86.871)
2020-01-21 00:42:06.582  INFO 19084 --- [DiscoveryClient-CacheRefreshExecutor-0] com.netflix.discovery.DiscoveryClient    : Disable delta property : false
2020-01-21 00:42:06.583  INFO 19084 --- [DiscoveryClient-CacheRefreshExecutor-0] com.netflix.discovery.DiscoveryClient    : Single vip registry refresh property : null
2020-01-21 00:42:06.584  INFO 19084 --- [DiscoveryClient-CacheRefreshExecutor-0] com.netflix.discovery.DiscoveryClient    : Force full registry fetch : false
2020-01-21 00:42:06.584  INFO 19084 --- [DiscoveryClient-CacheRefreshExecutor-0] com.netflix.discovery.DiscoveryClient    : Application is null : false
2020-01-21 00:42:06.585  INFO 19084 --- [DiscoveryClient-CacheRefreshExecutor-0] com.netflix.discovery.DiscoveryClient    : Registered Applications size is zero : true
2020-01-21 00:42:06.585  INFO 19084 --- [DiscoveryClient-CacheRefreshExecutor-0] com.netflix.discovery.DiscoveryClient    : Application version is -1: false
2020-01-21 00:42:06.585  INFO 19084 --- [DiscoveryClient-CacheRefreshExecutor-0] com.netflix.discovery.DiscoveryClient    : Getting all instance registry info from the eureka server
2020-01-21 00:42:06.730  INFO 19084 --- [DiscoveryClient-CacheRefreshExecutor-0] com.netflix.discovery.DiscoveryClient    : The response status is 200
2020-01-21 00:42:07.090  INFO 19084 --- [scheduling-1] c.s.k.c.KoncentratorPlacanjaController   : 
		Provera statusa transakcije.

2020-01-21 00:42:37.033  INFO 19084 --- [scheduling-1] c.s.k.c.KoncentratorPlacanjaController   : 
		Provera statusa transakcije.

2020-01-21 00:43:07.032  INFO 19084 --- [scheduling-1] c.s.k.c.KoncentratorPlacanjaController   : 
		Provera statusa transakcije.

2020-01-21 00:43:37.036  INFO 19084 --- [scheduling-1] c.s.k.c.KoncentratorPlacanjaController   : 
		Provera statusa transakcije.

2020-01-21 00:44:07.031  INFO 19084 --- [scheduling-1] c.s.k.c.KoncentratorPlacanjaController   : 
		Provera statusa transakcije.

2020-01-21 00:44:37.030  INFO 19084 --- [scheduling-1] c.s.k.c.KoncentratorPlacanjaController   : 
		Provera statusa transakcije.

2020-01-21 00:45:07.036  INFO 19084 --- [scheduling-1] c.s.k.c.KoncentratorPlacanjaController   : 
		Provera statusa transakcije.

2020-01-21 00:45:37.029  INFO 19084 --- [scheduling-1] c.s.k.c.KoncentratorPlacanjaController   : 
		Provera statusa transakcije.

2020-01-21 00:46:07.032  INFO 19084 --- [scheduling-1] c.s.k.c.KoncentratorPlacanjaController   : 
		Provera statusa transakcije.

2020-01-21 00:46:35.104  INFO 19084 --- [AsyncResolver-bootstrap-executor-0] c.n.d.s.r.aws.ConfigClusterResolver      : Resolving eureka endpoints via configuration
2020-01-21 00:46:37.028  INFO 19084 --- [scheduling-1] c.s.k.c.KoncentratorPlacanjaController   : 
		Provera statusa transakcije.

2020-01-21 00:47:07.030  INFO 19084 --- [scheduling-1] c.s.k.c.KoncentratorPlacanjaController   : 
		Provera statusa transakcije.

2020-01-21 00:47:37.030  INFO 19084 --- [scheduling-1] c.s.k.c.KoncentratorPlacanjaController   : 
		Provera statusa transakcije.

2020-01-21 00:48:07.031  INFO 19084 --- [scheduling-1] c.s.k.c.KoncentratorPlacanjaController   : 
		Provera statusa transakcije.

2020-01-21 00:48:37.029  INFO 19084 --- [scheduling-1] c.s.k.c.KoncentratorPlacanjaController   : 
		Provera statusa transakcije.

2020-01-21 00:49:07.034  INFO 19084 --- [scheduling-1] c.s.k.c.KoncentratorPlacanjaController   : 
		Provera statusa transakcije.

2020-01-21 00:49:37.035  INFO 19084 --- [scheduling-1] c.s.k.c.KoncentratorPlacanjaController   : 
		Provera statusa transakcije.

2020-01-21 00:50:07.031  INFO 19084 --- [scheduling-1] c.s.k.c.KoncentratorPlacanjaController   : 
		Provera statusa transakcije.

2020-01-21 00:50:37.032  INFO 19084 --- [scheduling-1] c.s.k.c.KoncentratorPlacanjaController   : 
		Provera statusa transakcije.

2020-01-21 00:51:07.036  INFO 19084 --- [scheduling-1] c.s.k.c.KoncentratorPlacanjaController   : 
		Provera statusa transakcije.

2020-01-21 00:51:16.561  INFO 19084 --- [https-jsse-nio-8081-exec-6] o.a.c.c.C.[Tomcat].[localhost].[/]       : Initializing Spring DispatcherServlet 'dispatcherServlet'
2020-01-21 00:51:16.567  INFO 19084 --- [https-jsse-nio-8081-exec-6] o.s.web.servlet.DispatcherServlet        : Initializing Servlet 'dispatcherServlet'
2020-01-21 00:51:17.040  INFO 19084 --- [https-jsse-nio-8081-exec-6] o.s.web.servlet.DispatcherServlet        : Completed initialization in 471 ms
2020-01-21 00:51:35.109  INFO 19084 --- [AsyncResolver-bootstrap-executor-0] c.n.d.s.r.aws.ConfigClusterResolver      : Resolving eureka endpoints via configuration
2020-01-21 00:51:37.030  INFO 19084 --- [scheduling-1] c.s.k.c.KoncentratorPlacanjaController   : 
		Provera statusa transakcije.

2020-01-21 00:52:07.037  INFO 19084 --- [scheduling-1] c.s.k.c.KoncentratorPlacanjaController   : 
		Provera statusa transakcije.

2020-01-21 00:52:37.029  INFO 19084 --- [scheduling-1] c.s.k.c.KoncentratorPlacanjaController   : 
		Provera statusa transakcije.

2020-01-21 00:53:07.030  INFO 19084 --- [scheduling-1] c.s.k.c.KoncentratorPlacanjaController   : 
		Provera statusa transakcije.

2020-01-21 00:53:37.028  INFO 19084 --- [scheduling-1] c.s.k.c.KoncentratorPlacanjaController   : 
		Provera statusa transakcije.

2020-01-21 00:54:07.028  INFO 19084 --- [scheduling-1] c.s.k.c.KoncentratorPlacanjaController   : 
		Provera statusa transakcije.

2020-01-21 00:54:37.092  INFO 19084 --- [scheduling-1] c.s.k.c.KoncentratorPlacanjaController   : 
		Provera statusa transakcije.

2020-01-21 00:55:07.029  INFO 19084 --- [scheduling-1] c.s.k.c.KoncentratorPlacanjaController   : 
		Provera statusa transakcije.

2020-01-21 00:55:37.030  INFO 19084 --- [scheduling-1] c.s.k.c.KoncentratorPlacanjaController   : 
		Provera statusa transakcije.

2020-01-21 00:56:07.030  INFO 19084 --- [scheduling-1] c.s.k.c.KoncentratorPlacanjaController   : 
		Provera statusa transakcije.

2020-01-21 00:56:35.112  INFO 19084 --- [AsyncResolver-bootstrap-executor-0] c.n.d.s.r.aws.ConfigClusterResolver      : Resolving eureka endpoints via configuration
2020-01-21 00:56:37.030  INFO 19084 --- [scheduling-1] c.s.k.c.KoncentratorPlacanjaController   : 
		Provera statusa transakcije.

2020-01-21 00:57:07.030  INFO 19084 --- [scheduling-1] c.s.k.c.KoncentratorPlacanjaController   : 
		Provera statusa transakcije.

2020-01-21 00:57:37.030  INFO 19084 --- [scheduling-1] c.s.k.c.KoncentratorPlacanjaController   : 
		Provera statusa transakcije.

2020-01-21 00:58:07.033  INFO 19084 --- [scheduling-1] c.s.k.c.KoncentratorPlacanjaController   : 
		Provera statusa transakcije.

2020-01-21 00:58:37.037  INFO 19084 --- [scheduling-1] c.s.k.c.KoncentratorPlacanjaController   : 
		Provera statusa transakcije.

2020-01-21 00:59:07.031  INFO 19084 --- [scheduling-1] c.s.k.c.KoncentratorPlacanjaController   : 
		Provera statusa transakcije.

2020-01-21 00:59:37.029  INFO 19084 --- [scheduling-1] c.s.k.c.KoncentratorPlacanjaController   : 
		Provera statusa transakcije.

2020-01-21 01:00:07.032  INFO 19084 --- [scheduling-1] c.s.k.c.KoncentratorPlacanjaController   : 
		Provera statusa transakcije.

2020-01-21 01:00:37.029  INFO 19084 --- [scheduling-1] c.s.k.c.KoncentratorPlacanjaController   : 
		Provera statusa transakcije.

2020-01-21 01:01:07.029  INFO 19084 --- [scheduling-1] c.s.k.c.KoncentratorPlacanjaController   : 
		Provera statusa transakcije.

2020-01-21 01:01:35.145  INFO 19084 --- [AsyncResolver-bootstrap-executor-0] c.n.d.s.r.aws.ConfigClusterResolver      : Resolving eureka endpoints via configuration
2020-01-21 01:01:37.030  INFO 19084 --- [scheduling-1] c.s.k.c.KoncentratorPlacanjaController   : 
		Provera statusa transakcije.

2020-01-21 01:02:07.028  INFO 19084 --- [scheduling-1] c.s.k.c.KoncentratorPlacanjaController   : 
		Provera statusa transakcije.

2020-01-21 01:02:37.032  INFO 19084 --- [scheduling-1] c.s.k.c.KoncentratorPlacanjaController   : 
		Provera statusa transakcije.

2020-01-21 01:03:07.035  INFO 19084 --- [scheduling-1] c.s.k.c.KoncentratorPlacanjaController   : 
		Provera statusa transakcije.

2020-01-21 01:03:37.030  INFO 19084 --- [scheduling-1] c.s.k.c.KoncentratorPlacanjaController   : 
		Provera statusa transakcije.

2020-01-21 01:04:07.028  INFO 19084 --- [scheduling-1] c.s.k.c.KoncentratorPlacanjaController   : 
		Provera statusa transakcije.

2020-01-21 01:04:37.030  INFO 19084 --- [scheduling-1] c.s.k.c.KoncentratorPlacanjaController   : 
		Provera statusa transakcije.

2020-01-21 01:05:07.031  INFO 19084 --- [scheduling-1] c.s.k.c.KoncentratorPlacanjaController   : 
		Provera statusa transakcije.

2020-01-21 01:05:28.883  INFO 19084 --- [https-jsse-nio-8081-exec-10] c.netflix.config.ChainedDynamicProperty  : Flipping property: BANKA-API.ribbon.ActiveConnectionsLimit to use NEXT property: niws.loadbalancer.availabilityFilteringRule.activeConnectionsLimit = 2147483647
2020-01-21 01:05:28.978  INFO 19084 --- [https-jsse-nio-8081-exec-10] c.n.u.concurrent.ShutdownEnabledTimer    : Shutdown hook installed for: NFLoadBalancer-PingTimer-BANKA-API
2020-01-21 01:05:28.980  INFO 19084 --- [https-jsse-nio-8081-exec-10] c.netflix.loadbalancer.BaseLoadBalancer  : Client: BANKA-API instantiated a LoadBalancer: DynamicServerListLoadBalancer:{NFLoadBalancer:name=BANKA-API,current list of Servers=[],Load balancer stats=Zone stats: {},Server stats: []}ServerList:null
2020-01-21 01:05:28.998  INFO 19084 --- [https-jsse-nio-8081-exec-10] c.n.l.DynamicServerListLoadBalancer      : Using serverListUpdater PollingServerListUpdater
2020-01-21 01:05:29.067  INFO 19084 --- [https-jsse-nio-8081-exec-10] c.netflix.config.ChainedDynamicProperty  : Flipping property: BANKA-API.ribbon.ActiveConnectionsLimit to use NEXT property: niws.loadbalancer.availabilityFilteringRule.activeConnectionsLimit = 2147483647
2020-01-21 01:05:29.072  INFO 19084 --- [https-jsse-nio-8081-exec-10] c.n.l.DynamicServerListLoadBalancer      : DynamicServerListLoadBalancer for client BANKA-API initialized: DynamicServerListLoadBalancer:{NFLoadBalancer:name=BANKA-API,current list of Servers=[192.168.56.1:8088],Load balancer stats=Zone stats: {defaultzone=[Zone:defaultzone;	Instance count:1;	Active connections count: 0;	Circuit breaker tripped count: 0;	Active connections per server: 0.0;]
},Server stats: [[Server:192.168.56.1:8088;	Zone:defaultZone;	Total Requests:0;	Successive connection failure:0;	Total blackout seconds:0;	Last connection made:Thu Jan 01 01:00:00 CET 1970;	First connection made: Thu Jan 01 01:00:00 CET 1970;	Active Connections:0;	total failure count in last (1000) msecs:0;	average resp time:0.0;	90 percentile resp time:0.0;	95 percentile resp time:0.0;	min resp time:0.0;	max resp time:0.0;	stddev resp time:0.0]
]}ServerList:org.springframework.cloud.netflix.ribbon.eureka.DomainExtractingServerList@2f12cbe0
2020-01-21 01:05:30.006  INFO 19084 --- [PollingServerListUpdater-0] c.netflix.config.ChainedDynamicProperty  : Flipping property: BANKA-API.ribbon.ActiveConnectionsLimit to use NEXT property: niws.loadbalancer.availabilityFilteringRule.activeConnectionsLimit = 2147483647
2020-01-21 01:05:32.630  INFO 19084 --- [https-jsse-nio-8081-exec-9] c.s.k.c.KoncentratorPlacanjaController   : 
		Uspesno je kreirana transakcija.

2020-01-21 01:05:33.259  INFO 19084 --- [https-jsse-nio-8081-exec-10] c.s.k.c.KoncentratorPlacanjaController   : 
		Redirekcija na adresu: https://localhost:4201/banka/1/266963ca-2bad-4b67-bd6c-c0d994815c9a , za podatke o placanju

2020-01-21 01:05:37.042  INFO 19084 --- [scheduling-1] c.s.k.c.KoncentratorPlacanjaController   : 
		Provera statusa transakcije.

2020-01-21 01:06:07.031  INFO 19084 --- [scheduling-1] c.s.k.c.KoncentratorPlacanjaController   : 
		Provera statusa transakcije.

2020-01-21 01:06:35.146  INFO 19084 --- [AsyncResolver-bootstrap-executor-0] c.n.d.s.r.aws.ConfigClusterResolver      : Resolving eureka endpoints via configuration
2020-01-21 01:06:37.029  INFO 19084 --- [scheduling-1] c.s.k.c.KoncentratorPlacanjaController   : 
		Provera statusa transakcije.

2020-01-21 01:07:07.031  INFO 19084 --- [scheduling-1] c.s.k.c.KoncentratorPlacanjaController   : 
		Provera statusa transakcije.

2020-01-21 01:07:37.031  INFO 19084 --- [scheduling-1] c.s.k.c.KoncentratorPlacanjaController   : 
		Provera statusa transakcije.

2020-01-21 01:07:55.526  INFO 19084 --- [https-jsse-nio-8081-exec-5] c.s.k.c.KoncentratorPlacanjaController   : 
		 Transakcija preko BANKA je izvrsena uspesno
2020-01-21 01:08:07.028  INFO 19084 --- [scheduling-1] c.s.k.c.KoncentratorPlacanjaController   : 
		Provera statusa transakcije.

2020-01-21 01:08:37.028  INFO 19084 --- [scheduling-1] c.s.k.c.KoncentratorPlacanjaController   : 
		Provera statusa transakcije.

2020-01-21 01:09:07.032  INFO 19084 --- [scheduling-1] c.s.k.c.KoncentratorPlacanjaController   : 
		Provera statusa transakcije.

2020-01-21 01:09:37.029  INFO 19084 --- [scheduling-1] c.s.k.c.KoncentratorPlacanjaController   : 
		Provera statusa transakcije.

2020-01-21 01:10:07.030  INFO 19084 --- [scheduling-1] c.s.k.c.KoncentratorPlacanjaController   : 
		Provera statusa transakcije.

2020-01-21 01:10:37.241  INFO 19084 --- [scheduling-1] c.s.k.c.KoncentratorPlacanjaController   : 
		Provera statusa transakcije.

2020-01-21 01:11:07.047  INFO 19084 --- [scheduling-1] c.s.k.c.KoncentratorPlacanjaController   : 
		Provera statusa transakcije.

2020-01-21 01:11:35.167  INFO 19084 --- [AsyncResolver-bootstrap-executor-0] c.n.d.s.r.aws.ConfigClusterResolver      : Resolving eureka endpoints via configuration
2020-01-21 01:11:37.039  INFO 19084 --- [scheduling-1] c.s.k.c.KoncentratorPlacanjaController   : 
		Provera statusa transakcije.

2020-01-21 01:12:07.031  INFO 19084 --- [scheduling-1] c.s.k.c.KoncentratorPlacanjaController   : 
		Provera statusa transakcije.

2020-01-21 01:12:37.030  INFO 19084 --- [scheduling-1] c.s.k.c.KoncentratorPlacanjaController   : 
		Provera statusa transakcije.

2020-01-21 01:13:07.030  INFO 19084 --- [scheduling-1] c.s.k.c.KoncentratorPlacanjaController   : 
		Provera statusa transakcije.

2020-01-21 01:13:37.032  INFO 19084 --- [scheduling-1] c.s.k.c.KoncentratorPlacanjaController   : 
		Provera statusa transakcije.

2020-01-21 01:14:07.031  INFO 19084 --- [scheduling-1] c.s.k.c.KoncentratorPlacanjaController   : 
		Provera statusa transakcije.

2020-01-21 01:14:37.029  INFO 19084 --- [scheduling-1] c.s.k.c.KoncentratorPlacanjaController   : 
		Provera statusa transakcije.

2020-01-21 01:15:07.031  INFO 19084 --- [scheduling-1] c.s.k.c.KoncentratorPlacanjaController   : 
		Provera statusa transakcije.

2020-01-21 01:15:37.038  INFO 19084 --- [scheduling-1] c.s.k.c.KoncentratorPlacanjaController   : 
		Provera statusa transakcije.

2020-01-21 01:16:07.030  INFO 19084 --- [scheduling-1] c.s.k.c.KoncentratorPlacanjaController   : 
		Provera statusa transakcije.

2020-01-21 01:16:35.171  INFO 19084 --- [AsyncResolver-bootstrap-executor-0] c.n.d.s.r.aws.ConfigClusterResolver      : Resolving eureka endpoints via configuration
2020-01-21 01:16:37.032  INFO 19084 --- [scheduling-1] c.s.k.c.KoncentratorPlacanjaController   : 
		Provera statusa transakcije.

2020-01-21 01:17:07.029  INFO 19084 --- [scheduling-1] c.s.k.c.KoncentratorPlacanjaController   : 
		Provera statusa transakcije.

2020-01-21 01:17:37.032  INFO 19084 --- [scheduling-1] c.s.k.c.KoncentratorPlacanjaController   : 
		Provera statusa transakcije.

2020-01-21 01:18:07.030  INFO 19084 --- [scheduling-1] c.s.k.c.KoncentratorPlacanjaController   : 
		Provera statusa transakcije.

2020-01-21 01:18:37.029  INFO 19084 --- [scheduling-1] c.s.k.c.KoncentratorPlacanjaController   : 
		Provera statusa transakcije.

2020-01-21 01:19:07.033  INFO 19084 --- [scheduling-1] c.s.k.c.KoncentratorPlacanjaController   : 
		Provera statusa transakcije.

2020-01-21 01:19:09.998  INFO 19084 --- [https-jsse-nio-8081-exec-1] c.s.k.c.KoncentratorPlacanjaController   : 
		Uspesno je kreirana transakcija.

2020-01-21 01:19:10.106  INFO 19084 --- [https-jsse-nio-8081-exec-9] c.s.k.c.KoncentratorPlacanjaController   : 
		Redirekcija na adresu: https://localhost:4201/banka/2/2cd6e307-bfab-4820-be78-c17f4ff89bee , za podatke o placanju

2020-01-21 01:19:30.633  INFO 19084 --- [https-jsse-nio-8081-exec-10] c.s.k.c.KoncentratorPlacanjaController   : 
		 Transakcija preko BANKA je izvrsena uspesno
2020-01-21 01:19:30.745  INFO 19084 --- [https-jsse-nio-8081-exec-2] c.s.k.c.KoncentratorPlacanjaController   : 
		 Transakcija preko BANKA je izvrsena uspesno
2020-01-21 01:19:37.034  INFO 19084 --- [scheduling-1] c.s.k.c.KoncentratorPlacanjaController   : 
		Provera statusa transakcije.

2020-01-21 01:20:07.033  INFO 19084 --- [scheduling-1] c.s.k.c.KoncentratorPlacanjaController   : 
		Provera statusa transakcije.

2020-01-21 01:20:37.031  INFO 19084 --- [scheduling-1] c.s.k.c.KoncentratorPlacanjaController   : 
		Provera statusa transakcije.

2020-01-21 01:21:07.033  INFO 19084 --- [scheduling-1] c.s.k.c.KoncentratorPlacanjaController   : 
		Provera statusa transakcije.

2020-01-21 01:21:35.173  INFO 19084 --- [AsyncResolver-bootstrap-executor-0] c.n.d.s.r.aws.ConfigClusterResolver      : Resolving eureka endpoints via configuration
2020-01-21 01:21:37.033  INFO 19084 --- [scheduling-1] c.s.k.c.KoncentratorPlacanjaController   : 
		Provera statusa transakcije.

2020-01-21 01:22:07.030  INFO 19084 --- [scheduling-1] c.s.k.c.KoncentratorPlacanjaController   : 
		Provera statusa transakcije.

2020-01-21 01:22:37.030  INFO 19084 --- [scheduling-1] c.s.k.c.KoncentratorPlacanjaController   : 
		Provera statusa transakcije.

2020-01-21 01:23:07.029  INFO 19084 --- [scheduling-1] c.s.k.c.KoncentratorPlacanjaController   : 
		Provera statusa transakcije.

2020-01-21 01:23:37.029  INFO 19084 --- [scheduling-1] c.s.k.c.KoncentratorPlacanjaController   : 
		Provera statusa transakcije.

2020-01-21 01:24:07.030  INFO 19084 --- [scheduling-1] c.s.k.c.KoncentratorPlacanjaController   : 
		Provera statusa transakcije.

2020-01-21 01:24:37.029  INFO 19084 --- [scheduling-1] c.s.k.c.KoncentratorPlacanjaController   : 
		Provera statusa transakcije.

2020-01-21 01:25:07.028  INFO 19084 --- [scheduling-1] c.s.k.c.KoncentratorPlacanjaController   : 
		Provera statusa transakcije.

2020-01-21 01:25:37.030  INFO 19084 --- [scheduling-1] c.s.k.c.KoncentratorPlacanjaController   : 
		Provera statusa transakcije.

2020-01-21 01:26:07.029  INFO 19084 --- [scheduling-1] c.s.k.c.KoncentratorPlacanjaController   : 
		Provera statusa transakcije.

2020-01-21 01:26:35.174  INFO 19084 --- [AsyncResolver-bootstrap-executor-0] c.n.d.s.r.aws.ConfigClusterResolver      : Resolving eureka endpoints via configuration
2020-01-21 01:26:37.029  INFO 19084 --- [scheduling-1] c.s.k.c.KoncentratorPlacanjaController   : 
		Provera statusa transakcije.

2020-01-21 01:27:07.028  INFO 19084 --- [scheduling-1] c.s.k.c.KoncentratorPlacanjaController   : 
		Provera statusa transakcije.

2020-01-21 01:27:37.030  INFO 19084 --- [scheduling-1] c.s.k.c.KoncentratorPlacanjaController   : 
		Provera statusa transakcije.

2020-01-21 01:28:07.030  INFO 19084 --- [scheduling-1] c.s.k.c.KoncentratorPlacanjaController   : 
		Provera statusa transakcije.

2020-01-21 01:28:37.028  INFO 19084 --- [scheduling-1] c.s.k.c.KoncentratorPlacanjaController   : 
		Provera statusa transakcije.

2020-01-21 01:29:07.034  INFO 19084 --- [scheduling-1] c.s.k.c.KoncentratorPlacanjaController   : 
		Provera statusa transakcije.

2020-01-21 01:29:37.149  INFO 19084 --- [scheduling-1] c.s.k.c.KoncentratorPlacanjaController   : 
		Provera statusa transakcije.

2020-01-21 01:30:07.031  INFO 19084 --- [scheduling-1] c.s.k.c.KoncentratorPlacanjaController   : 
		Provera statusa transakcije.

2020-01-21 01:30:37.031  INFO 19084 --- [scheduling-1] c.s.k.c.KoncentratorPlacanjaController   : 
		Provera statusa transakcije.

2020-01-21 01:31:07.030  INFO 19084 --- [scheduling-1] c.s.k.c.KoncentratorPlacanjaController   : 
		Provera statusa transakcije.

2020-01-21 01:31:35.176  INFO 19084 --- [AsyncResolver-bootstrap-executor-0] c.n.d.s.r.aws.ConfigClusterResolver      : Resolving eureka endpoints via configuration
2020-01-21 01:31:37.031  INFO 19084 --- [scheduling-1] c.s.k.c.KoncentratorPlacanjaController   : 
		Provera statusa transakcije.

2020-01-21 01:32:07.029  INFO 19084 --- [scheduling-1] c.s.k.c.KoncentratorPlacanjaController   : 
		Provera statusa transakcije.

2020-01-21 01:32:37.030  INFO 19084 --- [scheduling-1] c.s.k.c.KoncentratorPlacanjaController   : 
		Provera statusa transakcije.

2020-01-21 01:32:56.887  INFO 19084 --- [https-jsse-nio-8081-exec-5] c.s.k.c.KoncentratorPlacanjaController   : 
		Uspesno je kreirana transakcija.

2020-01-21 01:32:57.439  INFO 19084 --- [https-jsse-nio-8081-exec-8] c.s.k.c.KoncentratorPlacanjaController   : 
		Redirekcija na adresu: https://localhost:4201/banka/1/b6d1664f-499e-4f49-9570-5fbc8a6603ad , za podatke o placanju

2020-01-21 01:33:07.030  INFO 19084 --- [scheduling-1] c.s.k.c.KoncentratorPlacanjaController   : 
		Provera statusa transakcije.

2020-01-21 01:33:26.415  INFO 19084 --- [https-jsse-nio-8081-exec-9] c.s.k.c.KoncentratorPlacanjaController   : 
		 Transakcija preko BANKA je izvrsena uspesno
2020-01-21 01:33:37.031  INFO 19084 --- [scheduling-1] c.s.k.c.KoncentratorPlacanjaController   : 
		Provera statusa transakcije.

2020-01-21 01:34:07.030  INFO 19084 --- [scheduling-1] c.s.k.c.KoncentratorPlacanjaController   : 
		Provera statusa transakcije.

2020-01-21 01:34:37.029  INFO 19084 --- [scheduling-1] c.s.k.c.KoncentratorPlacanjaController   : 
		Provera statusa transakcije.

2020-01-21 01:35:07.029  INFO 19084 --- [scheduling-1] c.s.k.c.KoncentratorPlacanjaController   : 
		Provera statusa transakcije.

2020-01-21 01:35:32.822  INFO 19084 --- [https-jsse-nio-8081-exec-6] c.s.k.c.KoncentratorPlacanjaController   : 
		Uspesno je kreirana transakcija.

2020-01-21 01:35:32.893  INFO 19084 --- [https-jsse-nio-8081-exec-2] c.s.k.c.KoncentratorPlacanjaController   : 
		Redirekcija na adresu: https://localhost:4201/banka/2/464215ea-0be2-4046-b56a-61416244c3e9 , za podatke o placanju

2020-01-21 01:35:37.031  INFO 19084 --- [scheduling-1] c.s.k.c.KoncentratorPlacanjaController   : 
		Provera statusa transakcije.

2020-01-21 01:36:07.030  INFO 19084 --- [scheduling-1] c.s.k.c.KoncentratorPlacanjaController   : 
		Provera statusa transakcije.

2020-01-21 01:36:14.618  INFO 19084 --- [https-jsse-nio-8081-exec-10] c.s.k.c.KoncentratorPlacanjaController   : 
		 Transakcija preko BANKA je izvrsena uspesno
2020-01-21 01:36:35.179  INFO 19084 --- [AsyncResolver-bootstrap-executor-0] c.n.d.s.r.aws.ConfigClusterResolver      : Resolving eureka endpoints via configuration
2020-01-21 01:36:37.053  INFO 19084 --- [scheduling-1] c.s.k.c.KoncentratorPlacanjaController   : 
		Provera statusa transakcije.

2020-01-21 01:37:07.029  INFO 19084 --- [scheduling-1] c.s.k.c.KoncentratorPlacanjaController   : 
		Provera statusa transakcije.

2020-01-21 01:37:37.029  INFO 19084 --- [scheduling-1] c.s.k.c.KoncentratorPlacanjaController   : 
		Provera statusa transakcije.

2020-01-21 01:38:07.029  INFO 19084 --- [scheduling-1] c.s.k.c.KoncentratorPlacanjaController   : 
		Provera statusa transakcije.

2020-01-21 01:38:37.029  INFO 19084 --- [scheduling-1] c.s.k.c.KoncentratorPlacanjaController   : 
		Provera statusa transakcije.

2020-01-21 01:39:07.033  INFO 19084 --- [scheduling-1] c.s.k.c.KoncentratorPlacanjaController   : 
		Provera statusa transakcije.

2020-01-21 01:39:23.956  INFO 19084 --- [https-jsse-nio-8081-exec-10] c.s.k.c.KoncentratorPlacanjaController   : 
		Uspesno je kreirana transakcija.

2020-01-21 01:39:24.605  INFO 19084 --- [https-jsse-nio-8081-exec-2] c.s.k.c.KoncentratorPlacanjaController   : 
		Redirekcija na adresu: https://localhost:4201/banka/1/3badbea4-1243-4265-999e-f86ffa74ba2c , za podatke o placanju

2020-01-21 01:39:37.031  INFO 19084 --- [scheduling-1] c.s.k.c.KoncentratorPlacanjaController   : 
		Provera statusa transakcije.

2020-01-21 01:39:45.500  INFO 19084 --- [https-jsse-nio-8081-exec-1] c.s.k.c.KoncentratorPlacanjaController   : 
		 Transakcija preko BANKA je izvrsena uspesno
2020-01-21 01:40:07.030  INFO 19084 --- [scheduling-1] c.s.k.c.KoncentratorPlacanjaController   : 
		Provera statusa transakcije.

2020-01-21 01:40:37.041  INFO 19084 --- [scheduling-1] c.s.k.c.KoncentratorPlacanjaController   : 
		Provera statusa transakcije.

2020-01-21 01:41:07.033  INFO 19084 --- [scheduling-1] c.s.k.c.KoncentratorPlacanjaController   : 
		Provera statusa transakcije.

2020-01-21 01:41:35.232  INFO 19084 --- [AsyncResolver-bootstrap-executor-0] c.n.d.s.r.aws.ConfigClusterResolver      : Resolving eureka endpoints via configuration
2020-01-21 01:41:37.030  INFO 19084 --- [scheduling-1] c.s.k.c.KoncentratorPlacanjaController   : 
		Provera statusa transakcije.

2020-01-21 01:41:50.391  INFO 19084 --- [https-jsse-nio-8081-exec-7] c.netflix.config.ChainedDynamicProperty  : Flipping property: bitcoin-api.ribbon.ActiveConnectionsLimit to use NEXT property: niws.loadbalancer.availabilityFilteringRule.activeConnectionsLimit = 2147483647
2020-01-21 01:41:50.407  INFO 19084 --- [https-jsse-nio-8081-exec-7] c.n.u.concurrent.ShutdownEnabledTimer    : Shutdown hook installed for: NFLoadBalancer-PingTimer-bitcoin-api
2020-01-21 01:41:50.408  INFO 19084 --- [https-jsse-nio-8081-exec-7] c.netflix.loadbalancer.BaseLoadBalancer  : Client: bitcoin-api instantiated a LoadBalancer: DynamicServerListLoadBalancer:{NFLoadBalancer:name=bitcoin-api,current list of Servers=[],Load balancer stats=Zone stats: {},Server stats: []}ServerList:null
2020-01-21 01:41:50.420  INFO 19084 --- [https-jsse-nio-8081-exec-7] c.n.l.DynamicServerListLoadBalancer      : Using serverListUpdater PollingServerListUpdater
2020-01-21 01:41:50.425  INFO 19084 --- [https-jsse-nio-8081-exec-7] c.netflix.config.ChainedDynamicProperty  : Flipping property: bitcoin-api.ribbon.ActiveConnectionsLimit to use NEXT property: niws.loadbalancer.availabilityFilteringRule.activeConnectionsLimit = 2147483647
2020-01-21 01:41:50.430  INFO 19084 --- [https-jsse-nio-8081-exec-7] c.n.l.DynamicServerListLoadBalancer      : DynamicServerListLoadBalancer for client bitcoin-api initialized: DynamicServerListLoadBalancer:{NFLoadBalancer:name=bitcoin-api,current list of Servers=[192.168.56.1:8082],Load balancer stats=Zone stats: {defaultzone=[Zone:defaultzone;	Instance count:1;	Active connections count: 0;	Circuit breaker tripped count: 0;	Active connections per server: 0.0;]
},Server stats: [[Server:192.168.56.1:8082;	Zone:defaultZone;	Total Requests:0;	Successive connection failure:0;	Total blackout seconds:0;	Last connection made:Thu Jan 01 01:00:00 CET 1970;	First connection made: Thu Jan 01 01:00:00 CET 1970;	Active Connections:0;	total failure count in last (1000) msecs:0;	average resp time:0.0;	90 percentile resp time:0.0;	95 percentile resp time:0.0;	min resp time:0.0;	max resp time:0.0;	stddev resp time:0.0]
]}ServerList:org.springframework.cloud.netflix.ribbon.eureka.DomainExtractingServerList@43ce9bd7
2020-01-21 01:41:51.423  INFO 19084 --- [PollingServerListUpdater-1] c.netflix.config.ChainedDynamicProperty  : Flipping property: bitcoin-api.ribbon.ActiveConnectionsLimit to use NEXT property: niws.loadbalancer.availabilityFilteringRule.activeConnectionsLimit = 2147483647
2020-01-21 01:41:54.709  INFO 19084 --- [https-jsse-nio-8081-exec-8] c.s.k.c.KoncentratorPlacanjaController   : 
		Uspesno je kreirana transakcija.

2020-01-21 01:41:54.760  INFO 19084 --- [https-jsse-nio-8081-exec-7] c.s.k.c.KoncentratorPlacanjaController   : 
		Redirekcija na adresu: https://sandbox.coingate.com/invoice/70d2bd06-c51e-49af-968b-d69fdfde0bab

2020-01-21 01:42:07.071 ERROR 19084 --- [scheduling-1] o.s.s.s.TaskUtils$LoggingErrorHandler    : Unexpected error occurred in scheduled task

java.text.ParseException: Unparseable date: "2020-01-21T00:41:54+00:00"
	at java.text.DateFormat.parse(DateFormat.java:366) ~[na:1.8.0_221]
	at com.sep.koncentratorPlacanja.controller.KoncentratorPlacanjaController.checkStatus(KoncentratorPlacanjaController.java:204) ~[classes/:na]
	at sun.reflect.GeneratedMethodAccessor113.invoke(Unknown Source) ~[na:na]
	at sun.reflect.DelegatingMethodAccessorImpl.invoke(DelegatingMethodAccessorImpl.java:43) ~[na:1.8.0_221]
	at java.lang.reflect.Method.invoke(Method.java:498) ~[na:1.8.0_221]
	at org.springframework.scheduling.support.ScheduledMethodRunnable.run(ScheduledMethodRunnable.java:84) ~[spring-context-5.2.1.RELEASE.jar:5.2.1.RELEASE]
	at org.springframework.scheduling.support.DelegatingErrorHandlingRunnable.run(DelegatingErrorHandlingRunnable.java:54) ~[spring-context-5.2.1.RELEASE.jar:5.2.1.RELEASE]
	at java.util.concurrent.Executors$RunnableAdapter.call(Executors.java:511) [na:1.8.0_221]
	at java.util.concurrent.FutureTask.runAndReset(FutureTask.java:308) [na:1.8.0_221]
	at java.util.concurrent.ScheduledThreadPoolExecutor$ScheduledFutureTask.access$301(ScheduledThreadPoolExecutor.java:180) [na:1.8.0_221]
	at java.util.concurrent.ScheduledThreadPoolExecutor$ScheduledFutureTask.run(ScheduledThreadPoolExecutor.java:294) [na:1.8.0_221]
	at java.util.concurrent.ThreadPoolExecutor.runWorker(ThreadPoolExecutor.java:1149) [na:1.8.0_221]
	at java.util.concurrent.ThreadPoolExecutor$Worker.run(ThreadPoolExecutor.java:624) [na:1.8.0_221]
	at java.lang.Thread.run(Thread.java:748) [na:1.8.0_221]

2020-01-21 01:42:37.032 ERROR 19084 --- [scheduling-1] o.s.s.s.TaskUtils$LoggingErrorHandler    : Unexpected error occurred in scheduled task

java.text.ParseException: Unparseable date: "2020-01-21T00:41:54+00:00"
	at java.text.DateFormat.parse(DateFormat.java:366) ~[na:1.8.0_221]
	at com.sep.koncentratorPlacanja.controller.KoncentratorPlacanjaController.checkStatus(KoncentratorPlacanjaController.java:204) ~[classes/:na]
	at sun.reflect.GeneratedMethodAccessor113.invoke(Unknown Source) ~[na:na]
	at sun.reflect.DelegatingMethodAccessorImpl.invoke(DelegatingMethodAccessorImpl.java:43) ~[na:1.8.0_221]
	at java.lang.reflect.Method.invoke(Method.java:498) ~[na:1.8.0_221]
	at org.springframework.scheduling.support.ScheduledMethodRunnable.run(ScheduledMethodRunnable.java:84) ~[spring-context-5.2.1.RELEASE.jar:5.2.1.RELEASE]
	at org.springframework.scheduling.support.DelegatingErrorHandlingRunnable.run(DelegatingErrorHandlingRunnable.java:54) ~[spring-context-5.2.1.RELEASE.jar:5.2.1.RELEASE]
	at java.util.concurrent.Executors$RunnableAdapter.call(Executors.java:511) [na:1.8.0_221]
	at java.util.concurrent.FutureTask.runAndReset(FutureTask.java:308) [na:1.8.0_221]
	at java.util.concurrent.ScheduledThreadPoolExecutor$ScheduledFutureTask.access$301(ScheduledThreadPoolExecutor.java:180) [na:1.8.0_221]
	at java.util.concurrent.ScheduledThreadPoolExecutor$ScheduledFutureTask.run(ScheduledThreadPoolExecutor.java:294) [na:1.8.0_221]
	at java.util.concurrent.ThreadPoolExecutor.runWorker(ThreadPoolExecutor.java:1149) [na:1.8.0_221]
	at java.util.concurrent.ThreadPoolExecutor$Worker.run(ThreadPoolExecutor.java:624) [na:1.8.0_221]
	at java.lang.Thread.run(Thread.java:748) [na:1.8.0_221]

